<html>
<head>
<title>TestNG:  Random Test</title>
<link href="../testng.css" rel="stylesheet" type="text/css" />
<link href="../my-testng.css" rel="stylesheet" type="text/css" />

<style type="text/css">
.log { display: none;} 
.stack-trace { display: none;} 
</style>
<script type="text/javascript">
<!--
function flip(e) {
  current = e.style.display;
  if (current == 'block') {
    e.style.display = 'none';
    return 0;
  }
  else {
    e.style.display = 'block';
    return 1;
  }
}

function toggleBox(szDivId, elem, msg1, msg2)
{
  var res = -1;  if (document.getElementById) {
    res = flip(document.getElementById(szDivId));
  }
  else if (document.all) {
    // this is the way old msie versions work
    res = flip(document.all[szDivId]);
  }
  if(elem) {
    if(res == 0) elem.innerHTML = msg1; else elem.innerHTML = msg2;
  }

}

function toggleAllBoxes() {
  if (document.getElementsByTagName) {
    d = document.getElementsByTagName('div');
    for (i = 0; i < d.length; i++) {
      if (d[i].className == 'log') {
        flip(d[i]);
      }
    }
  }
}

// -->
</script>

</head>
<body>
<h2 align='center'>Random Test</h2><table border='1' align="center">
<tr>
<td>Tests passed/Failed/Skipped:</td><td>23/1/0</td>
</tr><tr>
<td>Started on:</td><td>Mon May 30 11:04:22 IST 2016</td>
</tr>
<tr><td>Total time:</td><td>2222 seconds (2222373 ms)</td>
</tr><tr>
<td>Included groups:</td><td></td>
</tr><tr>
<td>Excluded groups:</td><td></td>
</tr>
</table><p/>
<small><i>(Hover the method name to see the test class name)</i></small><p/>
<table width='100%' border='1' class='invocation-failed'>
<tr><td colspan='4' align='center'><b>FAILED CONFIGURATIONS</b></td></tr>
<tr><td><b>Test method</b></td>
<td width="30%"><b>Exception</b></td>
<td width="10%"><b>Time (seconds)</b></td>
<td><b>Instance</b></td>
</tr>
<tr>
<td title='testCases.Framework_039.afterMethod()'><b>afterMethod</b><br>Test class: testCases.Framework_039<br/>
<a href="#Output-2061440682" onClick='toggleBox("Output-2061440682", this, "Show output", "Hide output");'>Show output</a>

<a href="#Output-2061440682" onClick="toggleAllBoxes();">Show all outputs</a>
<div class='log' id="Output-2061440682">
Completed executing Framework_039.afterMethod<br/>
</div>
</td>
<td><div><pre>org.openqa.selenium.remote.UnreachableBrowserException: Error communicating with the remote browser. It may have died.
Build info: version: &apos;2.50.0&apos;, revision: &apos;1070ace&apos;, time: &apos;2016-01-27 18:40:08&apos;
System info: host: &apos;Aarush-PC&apos;, ip: &apos;192.168.0.102&apos;, os.name: &apos;Windows 7&apos;, os.arch: &apos;amd64&apos;, os.version: &apos;6.1&apos;, java.version: &apos;1.8.0_20&apos;
Driver info: driver.version: RemoteWebDriver
Capabilities [{applicationCacheEnabled=false, rotatable=false, handlesAlerts=false, databaseEnabled=false, version=2.1.1, platform=XP, browserConnectionEnabled=false, proxy={proxyType=direct}, nativeEvents=true, acceptSslCerts=false, driverVersion=1.2.0, locationContextEnabled=false, webStorageEnabled=false, browserName=phantomjs, takesScreenshot=true, driverName=ghostdriver, javascriptEnabled=true, cssSelectorsEnabled=true}]
Session ID: 3ad103f0-2629-11e6-bca9-9f0b92ad4a68
	at org.openqa.selenium.remote.RemoteWebDriver.execute(RemoteWebDriver.java:665)
	at org.openqa.selenium.remote.RemoteWebDriver.execute(RemoteWebDriver.java:701)
	at org.openqa.selenium.remote.RemoteWebDriver.close(RemoteWebDriver.java:521)
	at testCases.Framework_039.afterMethod(Framework_039.java:110)
Caused by: org.openqa.selenium.WebDriverException: org.apache.http.conn.HttpHostConnectException: Connect to localhost:3482 [localhost/127.0.0.1, localhost/0:0:0:0:0:0:0:1] failed: Connection refused: connect
Build info: version: &apos;2.50.0&apos;, revision: &apos;1070ace&apos;, time: &apos;2016-01-27 18:40:08&apos;
System info: host: &apos;Aarush-PC&apos;, ip: &apos;192.168.0.102&apos;, os.name: &apos;Windows 7&apos;, os.arch: &apos;amd64&apos;, os.version: &apos;6.1&apos;, java.version: &apos;1.8.0_20&apos;
Driver info: driver.version: RemoteWebDriver
	at org.openqa.selenium.phantomjs.PhantomJSCommandExecutor.execute(PhantomJSCommandExecutor.java:91)
	at org.openqa.selenium.remote.RemoteWebDriver.execute(RemoteWebDriver.java:644)
	... 30 more
Caused by: org.apache.http.conn.HttpHostConnectException: Connect to localhost:3482 [localhost/127.0.0.1, localhost/0:0:0:0:0:0:0:1] failed: Connection refused: connect
	at org.apache.http.impl.conn.DefaultHttpClientConnectionOperator.connect(DefaultHttpClientConnectionOperator.java:151)
	at org.apache.http.impl.conn.PoolingHttpClientConnectionManager.connect(PoolingHttpClientConnectionManager.java:353)
	at org.apache.http.impl.execchain.MainClientExec.establishRoute(MainClientExec.java:380)
	at org.apache.http.impl.execchain.MainClientExec.execute(MainClientExec.java:236)
	at org.apache.http.impl.execchain.ProtocolExec.execute(ProtocolExec.java:184)
	at org.apache.http.impl.execchain.RetryExec.execute(RetryExec.java:88)
	at org.apache.http.impl.execchain.RedirectExec.execute(RedirectExec.java:110)
	at org.apache.http.impl.client.InternalHttpClient.doExecute(InternalHttpClient.java:184)
	at org.apache.http.impl.client.CloseableHttpClient.execute(CloseableHttpClient.java:71)
	at org.apache.http.impl.client.CloseableHttpClient.execute(CloseableHttpClient.java:55)
	at org.openqa.selenium.remote.internal.ApacheHttpClient.fallBackExecute(ApacheHttpClient.java:143)
	at org.openqa.selenium.remote.internal.ApacheHttpClient.execute(ApacheHttpClient.java:89)
	at org.openqa.selenium.remote.HttpCommandExecutor.execute(HttpCommandExecutor.java:142)
	at org.openqa.selenium.phantomjs.PhantomJSCommandExecutor.execute(PhantomJSCommandExecutor.java:82)
	... 31 more
Caused by: java.net.ConnectException: Connection refused: connect
	at java.net.DualStackPlainSocketImpl.waitForConnect(Native Method)
	at java.net.DualStackPlainSocketImpl.socketConnect(Unknown Source)
	at java.net.AbstractPlainSocketImpl.doConnect(Unknown Source)
	at java.net.AbstractPlainSocketImpl.connectToAddress(Unknown Source)
	at java.net.AbstractPlainSocketImpl.connect(Unknown Source)
	at java.net.PlainSocketImpl.connect(Unknown Source)
	at java.net.SocksSocketImpl.connect(Unknown Source)
	at java.net.Socket.connect(Unknown Source)
	at org.apache.http.conn.socket.PlainConnectionSocketFactory.connectSocket(PlainConnectionSocketFactory.java:74)
	at org.apache.http.impl.conn.DefaultHttpClientConnectionOperator.connect(DefaultHttpClientConnectionOperator.java:134)
	... 44 more
... Removed 27 stack frames</pre></div><a href='#' onClick='toggleBox("stack-trace2061440682", this, "Click to show all stack frames", "Click to hide stack frames")'>Click to show all stack frames</a>
<div class='stack-trace' id='stack-trace2061440682'><pre>org.openqa.selenium.remote.UnreachableBrowserException: Error communicating with the remote browser. It may have died.
Build info: version: &apos;2.50.0&apos;, revision: &apos;1070ace&apos;, time: &apos;2016-01-27 18:40:08&apos;
System info: host: &apos;Aarush-PC&apos;, ip: &apos;192.168.0.102&apos;, os.name: &apos;Windows 7&apos;, os.arch: &apos;amd64&apos;, os.version: &apos;6.1&apos;, java.version: &apos;1.8.0_20&apos;
Driver info: driver.version: RemoteWebDriver
Capabilities [{applicationCacheEnabled=false, rotatable=false, handlesAlerts=false, databaseEnabled=false, version=2.1.1, platform=XP, browserConnectionEnabled=false, proxy={proxyType=direct}, nativeEvents=true, acceptSslCerts=false, driverVersion=1.2.0, locationContextEnabled=false, webStorageEnabled=false, browserName=phantomjs, takesScreenshot=true, driverName=ghostdriver, javascriptEnabled=true, cssSelectorsEnabled=true}]
Session ID: 3ad103f0-2629-11e6-bca9-9f0b92ad4a68
	at org.openqa.selenium.remote.RemoteWebDriver.execute(RemoteWebDriver.java:665)
	at org.openqa.selenium.remote.RemoteWebDriver.execute(RemoteWebDriver.java:701)
	at org.openqa.selenium.remote.RemoteWebDriver.close(RemoteWebDriver.java:521)
	at testCases.Framework_039.afterMethod(Framework_039.java:110)
	at sun.reflect.NativeMethodAccessorImpl.invoke0(Native Method)
	at sun.reflect.NativeMethodAccessorImpl.invoke(Unknown Source)
	at sun.reflect.DelegatingMethodAccessorImpl.invoke(Unknown Source)
	at java.lang.reflect.Method.invoke(Unknown Source)
	at org.testng.internal.MethodInvocationHelper.invokeMethod(MethodInvocationHelper.java:86)
	at org.testng.internal.Invoker.invokeConfigurationMethod(Invoker.java:515)
	at org.testng.internal.Invoker.invokeConfigurations(Invoker.java:216)
	at org.testng.internal.Invoker.invokeMethod(Invoker.java:712)
	at org.testng.internal.Invoker.invokeTestMethod(Invoker.java:823)
	at org.testng.internal.Invoker.invokeTestMethods(Invoker.java:1131)
	at org.testng.internal.TestMethodWorker.invokeTestMethods(TestMethodWorker.java:129)
	at org.testng.internal.TestMethodWorker.run(TestMethodWorker.java:112)
	at org.testng.TestRunner.privateRun(TestRunner.java:778)
	at org.testng.TestRunner.run(TestRunner.java:632)
	at org.testng.SuiteRunner.runTest(SuiteRunner.java:366)
	at org.testng.SuiteRunner.runSequentially(SuiteRunner.java:361)
	at org.testng.SuiteRunner.privateRun(SuiteRunner.java:319)
	at org.testng.SuiteRunner.run(SuiteRunner.java:268)
	at org.testng.SuiteRunnerWorker.runSuite(SuiteRunnerWorker.java:52)
	at org.testng.SuiteRunnerWorker.run(SuiteRunnerWorker.java:86)
	at org.testng.TestNG.runSuitesSequentially(TestNG.java:1225)
	at org.testng.TestNG.runSuitesLocally(TestNG.java:1150)
	at org.testng.TestNG.runSuites(TestNG.java:1075)
	at org.testng.TestNG.run(TestNG.java:1047)
	at org.testng.remote.AbstractRemoteTestNG.run(AbstractRemoteTestNG.java:126)
	at org.testng.remote.RemoteTestNG.initAndRun(RemoteTestNG.java:137)
	at org.testng.remote.RemoteTestNG.main(RemoteTestNG.java:58)
Caused by: org.openqa.selenium.WebDriverException: org.apache.http.conn.HttpHostConnectException: Connect to localhost:3482 [localhost/127.0.0.1, localhost/0:0:0:0:0:0:0:1] failed: Connection refused: connect
Build info: version: &apos;2.50.0&apos;, revision: &apos;1070ace&apos;, time: &apos;2016-01-27 18:40:08&apos;
System info: host: &apos;Aarush-PC&apos;, ip: &apos;192.168.0.102&apos;, os.name: &apos;Windows 7&apos;, os.arch: &apos;amd64&apos;, os.version: &apos;6.1&apos;, java.version: &apos;1.8.0_20&apos;
Driver info: driver.version: RemoteWebDriver
	at org.openqa.selenium.phantomjs.PhantomJSCommandExecutor.execute(PhantomJSCommandExecutor.java:91)
	at org.openqa.selenium.remote.RemoteWebDriver.execute(RemoteWebDriver.java:644)
	... 30 more
Caused by: org.apache.http.conn.HttpHostConnectException: Connect to localhost:3482 [localhost/127.0.0.1, localhost/0:0:0:0:0:0:0:1] failed: Connection refused: connect
	at org.apache.http.impl.conn.DefaultHttpClientConnectionOperator.connect(DefaultHttpClientConnectionOperator.java:151)
	at org.apache.http.impl.conn.PoolingHttpClientConnectionManager.connect(PoolingHttpClientConnectionManager.java:353)
	at org.apache.http.impl.execchain.MainClientExec.establishRoute(MainClientExec.java:380)
	at org.apache.http.impl.execchain.MainClientExec.execute(MainClientExec.java:236)
	at org.apache.http.impl.execchain.ProtocolExec.execute(ProtocolExec.java:184)
	at org.apache.http.impl.execchain.RetryExec.execute(RetryExec.java:88)
	at org.apache.http.impl.execchain.RedirectExec.execute(RedirectExec.java:110)
	at org.apache.http.impl.client.InternalHttpClient.doExecute(InternalHttpClient.java:184)
	at org.apache.http.impl.client.CloseableHttpClient.execute(CloseableHttpClient.java:71)
	at org.apache.http.impl.client.CloseableHttpClient.execute(CloseableHttpClient.java:55)
	at org.openqa.selenium.remote.internal.ApacheHttpClient.fallBackExecute(ApacheHttpClient.java:143)
	at org.openqa.selenium.remote.internal.ApacheHttpClient.execute(ApacheHttpClient.java:89)
	at org.openqa.selenium.remote.HttpCommandExecutor.execute(HttpCommandExecutor.java:142)
	at org.openqa.selenium.phantomjs.PhantomJSCommandExecutor.execute(PhantomJSCommandExecutor.java:82)
	... 31 more
Caused by: java.net.ConnectException: Connection refused: connect
	at java.net.DualStackPlainSocketImpl.waitForConnect(Native Method)
	at java.net.DualStackPlainSocketImpl.socketConnect(Unknown Source)
	at java.net.AbstractPlainSocketImpl.doConnect(Unknown Source)
	at java.net.AbstractPlainSocketImpl.connectToAddress(Unknown Source)
	at java.net.AbstractPlainSocketImpl.connect(Unknown Source)
	at java.net.PlainSocketImpl.connect(Unknown Source)
	at java.net.SocksSocketImpl.connect(Unknown Source)
	at java.net.Socket.connect(Unknown Source)
	at org.apache.http.conn.socket.PlainConnectionSocketFactory.connectSocket(PlainConnectionSocketFactory.java:74)
	at org.apache.http.impl.conn.DefaultHttpClientConnectionOperator.connect(DefaultHttpClientConnectionOperator.java:134)
	... 44 more
</pre></div></td>
<td>0</td>
<td>testCases.Framework_039@31a5c39e</td></tr>
</table><p>
<table width='100%' border='1' class='invocation-failed'>
<tr><td colspan='4' align='center'><b>FAILED TESTS</b></td></tr>
<tr><td><b>Test method</b></td>
<td width="30%"><b>Exception</b></td>
<td width="10%"><b>Time (seconds)</b></td>
<td><b>Instance</b></td>
</tr>
<tr>
<td title='testCases.Framework_039.main()'><b>main</b><br>Test class: testCases.Framework_039<br/>
<a href="#Output-2086068243" onClick='toggleBox("Output-2086068243", this, "Show output", "Hide output");'>Show output</a>

<a href="#Output-2086068243" onClick="toggleAllBoxes();">Show all outputs</a>
<div class='log' id="Output-2086068243">
Completed executing Framework_039.main<br/>
TestName = null<br/>
Test Method resides in testCases.Framework_039<br/>
Test Status: Failed<br/>
About to begin executing Framework_039.afterMethod<br/>
</div>
</td>
<td><div><pre>org.openqa.selenium.remote.UnreachableBrowserException: Error communicating with the remote browser. It may have died.
Build info: version: &apos;2.50.0&apos;, revision: &apos;1070ace&apos;, time: &apos;2016-01-27 18:40:08&apos;
System info: host: &apos;Aarush-PC&apos;, ip: &apos;192.168.0.102&apos;, os.name: &apos;Windows 7&apos;, os.arch: &apos;amd64&apos;, os.version: &apos;6.1&apos;, java.version: &apos;1.8.0_20&apos;
Driver info: driver.version: RemoteWebDriver
Capabilities [{applicationCacheEnabled=false, rotatable=false, handlesAlerts=false, databaseEnabled=false, version=2.1.1, platform=XP, browserConnectionEnabled=false, proxy={proxyType=direct}, nativeEvents=true, acceptSslCerts=false, driverVersion=1.2.0, locationContextEnabled=false, webStorageEnabled=false, browserName=phantomjs, takesScreenshot=true, driverName=ghostdriver, javascriptEnabled=true, cssSelectorsEnabled=true}]
Session ID: 3ad103f0-2629-11e6-bca9-9f0b92ad4a68
	at org.openqa.selenium.remote.RemoteWebDriver.execute(RemoteWebDriver.java:665)
	at org.openqa.selenium.remote.RemoteWebElement.execute(RemoteWebElement.java:327)
	at org.openqa.selenium.remote.RemoteWebElement.findElements(RemoteWebElement.java:214)
	at org.openqa.selenium.remote.RemoteWebElement.findElementsByTagName(RemoteWebElement.java:320)
	at org.openqa.selenium.By$ByTagName.findElements(By.java:327)
	at org.openqa.selenium.remote.RemoteWebElement.findElements(RemoteWebElement.java:190)
	at pageObjects.Home_Page.dropdown_City(Home_Page.java:54)
	at appModules.SignIn_Action.Execute(SignIn_Action.java:20)
	at testCases.Framework_039.main(Framework_039.java:70)
Caused by: org.openqa.selenium.WebDriverException: java.net.SocketException: Connection reset
Build info: version: &apos;2.50.0&apos;, revision: &apos;1070ace&apos;, time: &apos;2016-01-27 18:40:08&apos;
System info: host: &apos;Aarush-PC&apos;, ip: &apos;192.168.0.102&apos;, os.name: &apos;Windows 7&apos;, os.arch: &apos;amd64&apos;, os.version: &apos;6.1&apos;, java.version: &apos;1.8.0_20&apos;
Driver info: driver.version: RemoteWebDriver
	at org.openqa.selenium.phantomjs.PhantomJSCommandExecutor.execute(PhantomJSCommandExecutor.java:91)
	at org.openqa.selenium.remote.RemoteWebDriver.execute(RemoteWebDriver.java:644)
	... 33 more
Caused by: java.net.SocketException: Connection reset
	at java.net.SocketInputStream.read(Unknown Source)
	at java.net.SocketInputStream.read(Unknown Source)
	at org.apache.http.impl.io.SessionInputBufferImpl.streamRead(SessionInputBufferImpl.java:139)
	at org.apache.http.impl.io.SessionInputBufferImpl.fillBuffer(SessionInputBufferImpl.java:155)
	at org.apache.http.impl.io.SessionInputBufferImpl.readLine(SessionInputBufferImpl.java:284)
	at org.apache.http.impl.conn.DefaultHttpResponseParser.parseHead(DefaultHttpResponseParser.java:140)
	at org.apache.http.impl.conn.DefaultHttpResponseParser.parseHead(DefaultHttpResponseParser.java:57)
	at org.apache.http.impl.io.AbstractMessageParser.parse(AbstractMessageParser.java:261)
	at org.apache.http.impl.DefaultBHttpClientConnection.receiveResponseHeader(DefaultBHttpClientConnection.java:165)
	at org.apache.http.impl.conn.CPoolProxy.receiveResponseHeader(CPoolProxy.java:167)
	at org.apache.http.protocol.HttpRequestExecutor.doReceiveResponse(HttpRequestExecutor.java:272)
	at org.apache.http.protocol.HttpRequestExecutor.execute(HttpRequestExecutor.java:124)
	at org.apache.http.impl.execchain.MainClientExec.execute(MainClientExec.java:271)
	at org.apache.http.impl.execchain.ProtocolExec.execute(ProtocolExec.java:184)
	at org.apache.http.impl.execchain.RetryExec.execute(RetryExec.java:88)
	at org.apache.http.impl.execchain.RedirectExec.execute(RedirectExec.java:110)
	at org.apache.http.impl.client.InternalHttpClient.doExecute(InternalHttpClient.java:184)
	at org.apache.http.impl.client.CloseableHttpClient.execute(CloseableHttpClient.java:71)
	at org.apache.http.impl.client.CloseableHttpClient.execute(CloseableHttpClient.java:55)
	at org.openqa.selenium.remote.internal.ApacheHttpClient.fallBackExecute(ApacheHttpClient.java:143)
	at org.openqa.selenium.remote.internal.ApacheHttpClient.execute(ApacheHttpClient.java:89)
	at org.openqa.selenium.remote.HttpCommandExecutor.execute(HttpCommandExecutor.java:142)
	at org.openqa.selenium.phantomjs.PhantomJSCommandExecutor.execute(PhantomJSCommandExecutor.java:82)
	... 34 more
... Removed 25 stack frames</pre></div><a href='#' onClick='toggleBox("stack-trace2086068243", this, "Click to show all stack frames", "Click to hide stack frames")'>Click to show all stack frames</a>
<div class='stack-trace' id='stack-trace2086068243'><pre>org.openqa.selenium.remote.UnreachableBrowserException: Error communicating with the remote browser. It may have died.
Build info: version: &apos;2.50.0&apos;, revision: &apos;1070ace&apos;, time: &apos;2016-01-27 18:40:08&apos;
System info: host: &apos;Aarush-PC&apos;, ip: &apos;192.168.0.102&apos;, os.name: &apos;Windows 7&apos;, os.arch: &apos;amd64&apos;, os.version: &apos;6.1&apos;, java.version: &apos;1.8.0_20&apos;
Driver info: driver.version: RemoteWebDriver
Capabilities [{applicationCacheEnabled=false, rotatable=false, handlesAlerts=false, databaseEnabled=false, version=2.1.1, platform=XP, browserConnectionEnabled=false, proxy={proxyType=direct}, nativeEvents=true, acceptSslCerts=false, driverVersion=1.2.0, locationContextEnabled=false, webStorageEnabled=false, browserName=phantomjs, takesScreenshot=true, driverName=ghostdriver, javascriptEnabled=true, cssSelectorsEnabled=true}]
Session ID: 3ad103f0-2629-11e6-bca9-9f0b92ad4a68
	at org.openqa.selenium.remote.RemoteWebDriver.execute(RemoteWebDriver.java:665)
	at org.openqa.selenium.remote.RemoteWebElement.execute(RemoteWebElement.java:327)
	at org.openqa.selenium.remote.RemoteWebElement.findElements(RemoteWebElement.java:214)
	at org.openqa.selenium.remote.RemoteWebElement.findElementsByTagName(RemoteWebElement.java:320)
	at org.openqa.selenium.By$ByTagName.findElements(By.java:327)
	at org.openqa.selenium.remote.RemoteWebElement.findElements(RemoteWebElement.java:190)
	at pageObjects.Home_Page.dropdown_City(Home_Page.java:54)
	at appModules.SignIn_Action.Execute(SignIn_Action.java:20)
	at testCases.Framework_039.main(Framework_039.java:70)
	at sun.reflect.NativeMethodAccessorImpl.invoke0(Native Method)
	at sun.reflect.NativeMethodAccessorImpl.invoke(Unknown Source)
	at sun.reflect.DelegatingMethodAccessorImpl.invoke(Unknown Source)
	at java.lang.reflect.Method.invoke(Unknown Source)
	at org.testng.internal.MethodInvocationHelper.invokeMethod(MethodInvocationHelper.java:86)
	at org.testng.internal.Invoker.invokeMethod(Invoker.java:646)
	at org.testng.internal.Invoker.invokeTestMethod(Invoker.java:823)
	at org.testng.internal.Invoker.invokeTestMethods(Invoker.java:1131)
	at org.testng.internal.TestMethodWorker.invokeTestMethods(TestMethodWorker.java:129)
	at org.testng.internal.TestMethodWorker.run(TestMethodWorker.java:112)
	at org.testng.TestRunner.privateRun(TestRunner.java:778)
	at org.testng.TestRunner.run(TestRunner.java:632)
	at org.testng.SuiteRunner.runTest(SuiteRunner.java:366)
	at org.testng.SuiteRunner.runSequentially(SuiteRunner.java:361)
	at org.testng.SuiteRunner.privateRun(SuiteRunner.java:319)
	at org.testng.SuiteRunner.run(SuiteRunner.java:268)
	at org.testng.SuiteRunnerWorker.runSuite(SuiteRunnerWorker.java:52)
	at org.testng.SuiteRunnerWorker.run(SuiteRunnerWorker.java:86)
	at org.testng.TestNG.runSuitesSequentially(TestNG.java:1225)
	at org.testng.TestNG.runSuitesLocally(TestNG.java:1150)
	at org.testng.TestNG.runSuites(TestNG.java:1075)
	at org.testng.TestNG.run(TestNG.java:1047)
	at org.testng.remote.AbstractRemoteTestNG.run(AbstractRemoteTestNG.java:126)
	at org.testng.remote.RemoteTestNG.initAndRun(RemoteTestNG.java:137)
	at org.testng.remote.RemoteTestNG.main(RemoteTestNG.java:58)
Caused by: org.openqa.selenium.WebDriverException: java.net.SocketException: Connection reset
Build info: version: &apos;2.50.0&apos;, revision: &apos;1070ace&apos;, time: &apos;2016-01-27 18:40:08&apos;
System info: host: &apos;Aarush-PC&apos;, ip: &apos;192.168.0.102&apos;, os.name: &apos;Windows 7&apos;, os.arch: &apos;amd64&apos;, os.version: &apos;6.1&apos;, java.version: &apos;1.8.0_20&apos;
Driver info: driver.version: RemoteWebDriver
	at org.openqa.selenium.phantomjs.PhantomJSCommandExecutor.execute(PhantomJSCommandExecutor.java:91)
	at org.openqa.selenium.remote.RemoteWebDriver.execute(RemoteWebDriver.java:644)
	... 33 more
Caused by: java.net.SocketException: Connection reset
	at java.net.SocketInputStream.read(Unknown Source)
	at java.net.SocketInputStream.read(Unknown Source)
	at org.apache.http.impl.io.SessionInputBufferImpl.streamRead(SessionInputBufferImpl.java:139)
	at org.apache.http.impl.io.SessionInputBufferImpl.fillBuffer(SessionInputBufferImpl.java:155)
	at org.apache.http.impl.io.SessionInputBufferImpl.readLine(SessionInputBufferImpl.java:284)
	at org.apache.http.impl.conn.DefaultHttpResponseParser.parseHead(DefaultHttpResponseParser.java:140)
	at org.apache.http.impl.conn.DefaultHttpResponseParser.parseHead(DefaultHttpResponseParser.java:57)
	at org.apache.http.impl.io.AbstractMessageParser.parse(AbstractMessageParser.java:261)
	at org.apache.http.impl.DefaultBHttpClientConnection.receiveResponseHeader(DefaultBHttpClientConnection.java:165)
	at org.apache.http.impl.conn.CPoolProxy.receiveResponseHeader(CPoolProxy.java:167)
	at org.apache.http.protocol.HttpRequestExecutor.doReceiveResponse(HttpRequestExecutor.java:272)
	at org.apache.http.protocol.HttpRequestExecutor.execute(HttpRequestExecutor.java:124)
	at org.apache.http.impl.execchain.MainClientExec.execute(MainClientExec.java:271)
	at org.apache.http.impl.execchain.ProtocolExec.execute(ProtocolExec.java:184)
	at org.apache.http.impl.execchain.RetryExec.execute(RetryExec.java:88)
	at org.apache.http.impl.execchain.RedirectExec.execute(RedirectExec.java:110)
	at org.apache.http.impl.client.InternalHttpClient.doExecute(InternalHttpClient.java:184)
	at org.apache.http.impl.client.CloseableHttpClient.execute(CloseableHttpClient.java:71)
	at org.apache.http.impl.client.CloseableHttpClient.execute(CloseableHttpClient.java:55)
	at org.openqa.selenium.remote.internal.ApacheHttpClient.fallBackExecute(ApacheHttpClient.java:143)
	at org.openqa.selenium.remote.internal.ApacheHttpClient.execute(ApacheHttpClient.java:89)
	at org.openqa.selenium.remote.HttpCommandExecutor.execute(HttpCommandExecutor.java:142)
	at org.openqa.selenium.phantomjs.PhantomJSCommandExecutor.execute(PhantomJSCommandExecutor.java:82)
	... 34 more
</pre></div></td>
<td>1427</td>
<td>testCases.Framework_039@31a5c39e</td></tr>
</table><p>
<table width='100%' border='1' class='invocation-passed'>
<tr><td colspan='4' align='center'><b>PASSED TESTS</b></td></tr>
<tr><td><b>Test method</b></td>
<td width="30%"><b>Exception</b></td>
<td width="10%"><b>Time (seconds)</b></td>
<td><b>Instance</b></td>
</tr>
<tr>
<td title='testCases.Framework_026.main()'><b>main</b><br>Test class: testCases.Framework_026<br/>
<a href="#Output-1756819670" onClick='toggleBox("Output-1756819670", this, "Show output", "Hide output");'>Show output</a>

<a href="#Output-1756819670" onClick="toggleAllBoxes();">Show all outputs</a>
<div class='log' id="Output-1756819670">
Completed executing Framework_026.main<br/>
TestName = null<br/>
Test Method resides in testCases.Framework_026<br/>
Test Status: Pass<br/>
About to begin executing Framework_026.afterMethod<br/>
</div>
</td>
<td></td>
<td>37</td>
<td>testCases.Framework_026@402a079c</td></tr>
<tr>
<td title='testCases.Framework_027.main()'><b>main</b><br>Test class: testCases.Framework_027<br/>
<a href="#Output-588449070" onClick='toggleBox("Output-588449070", this, "Show output", "Hide output");'>Show output</a>

<a href="#Output-588449070" onClick="toggleAllBoxes();">Show all outputs</a>
<div class='log' id="Output-588449070">
Completed executing Framework_027.main<br/>
TestName = null<br/>
Test Method resides in testCases.Framework_027<br/>
Test Status: Pass<br/>
About to begin executing Framework_027.afterMethod<br/>
</div>
</td>
<td></td>
<td>26</td>
<td>testCases.Framework_027@59ec2012</td></tr>
<tr>
<td title='testCases.Framework_028.main()'><b>main</b><br>Test class: testCases.Framework_028<br/>
<a href="#Output-2022689531" onClick='toggleBox("Output-2022689531", this, "Show output", "Hide output");'>Show output</a>

<a href="#Output-2022689531" onClick="toggleAllBoxes();">Show all outputs</a>
<div class='log' id="Output-2022689531">
Completed executing Framework_028.main<br/>
TestName = null<br/>
Test Method resides in testCases.Framework_028<br/>
Test Status: Pass<br/>
About to begin executing Framework_028.afterMethod<br/>
</div>
</td>
<td></td>
<td>23</td>
<td>testCases.Framework_028@4cf777e8</td></tr>
<tr>
<td title='testCases.Framework_029.main()'><b>main</b><br>Test class: testCases.Framework_029<br/>
<a href="#Output-615954678" onClick='toggleBox("Output-615954678", this, "Show output", "Hide output");'>Show output</a>

<a href="#Output-615954678" onClick="toggleAllBoxes();">Show all outputs</a>
<div class='log' id="Output-615954678">
Completed executing Framework_029.main<br/>
TestName = null<br/>
Test Method resides in testCases.Framework_029<br/>
Test Status: Pass<br/>
About to begin executing Framework_029.afterMethod<br/>
</div>
</td>
<td></td>
<td>29</td>
<td>testCases.Framework_029@2f686d1f</td></tr>
<tr>
<td title='testCases.Framework_030.main()'><b>main</b><br>Test class: testCases.Framework_030<br/>
<a href="#Output-478139423" onClick='toggleBox("Output-478139423", this, "Show output", "Hide output");'>Show output</a>

<a href="#Output-478139423" onClick="toggleAllBoxes();">Show all outputs</a>
<div class='log' id="Output-478139423">
Completed executing Framework_030.main<br/>
TestName = null<br/>
Test Method resides in testCases.Framework_030<br/>
Test Status: Pass<br/>
About to begin executing Framework_030.afterMethod<br/>
</div>
</td>
<td></td>
<td>26</td>
<td>testCases.Framework_030@3fee9989</td></tr>
<tr>
<td title='testCases.Framework_031.main()'><b>main</b><br>Test class: testCases.Framework_031<br/>
<a href="#Output-1372422140" onClick='toggleBox("Output-1372422140", this, "Show output", "Hide output");'>Show output</a>

<a href="#Output-1372422140" onClick="toggleAllBoxes();">Show all outputs</a>
<div class='log' id="Output-1372422140">
Completed executing Framework_031.main<br/>
TestName = null<br/>
Test Method resides in testCases.Framework_031<br/>
Test Status: Pass<br/>
About to begin executing Framework_031.afterMethod<br/>
</div>
</td>
<td></td>
<td>31</td>
<td>testCases.Framework_031@73ad2d6</td></tr>
<tr>
<td title='testCases.Framework_032.main()'><b>main</b><br>Test class: testCases.Framework_032<br/>
<a href="#Output-731243659" onClick='toggleBox("Output-731243659", this, "Show output", "Hide output");'>Show output</a>

<a href="#Output-731243659" onClick="toggleAllBoxes();">Show all outputs</a>
<div class='log' id="Output-731243659">
Completed executing Framework_032.main<br/>
TestName = null<br/>
Test Method resides in testCases.Framework_032<br/>
Test Status: Pass<br/>
About to begin executing Framework_032.afterMethod<br/>
</div>
</td>
<td></td>
<td>26</td>
<td>testCases.Framework_032@7085bdee</td></tr>
<tr>
<td title='testCases.Framework_033.main()'><b>main</b><br>Test class: testCases.Framework_033<br/>
<a href="#Output-1661777060" onClick='toggleBox("Output-1661777060", this, "Show output", "Hide output");'>Show output</a>

<a href="#Output-1661777060" onClick="toggleAllBoxes();">Show all outputs</a>
<div class='log' id="Output-1661777060">
Completed executing Framework_033.main<br/>
TestName = null<br/>
Test Method resides in testCases.Framework_033<br/>
Test Status: Pass<br/>
About to begin executing Framework_033.afterMethod<br/>
</div>
</td>
<td></td>
<td>25</td>
<td>testCases.Framework_033@1ce92674</td></tr>
<tr>
<td title='testCases.Framework_034.main()'><b>main</b><br>Test class: testCases.Framework_034<br/>
<a href="#Output-2056234595" onClick='toggleBox("Output-2056234595", this, "Show output", "Hide output");'>Show output</a>

<a href="#Output-2056234595" onClick="toggleAllBoxes();">Show all outputs</a>
<div class='log' id="Output-2056234595">
Completed executing Framework_034.main<br/>
TestName = null<br/>
Test Method resides in testCases.Framework_034<br/>
Test Status: Pass<br/>
About to begin executing Framework_034.afterMethod<br/>
</div>
</td>
<td></td>
<td>37</td>
<td>testCases.Framework_034@5700d6b1</td></tr>
<tr>
<td title='testCases.Framework_035.main()'><b>main</b><br>Test class: testCases.Framework_035<br/>
<a href="#Output-767436045" onClick='toggleBox("Output-767436045", this, "Show output", "Hide output");'>Show output</a>

<a href="#Output-767436045" onClick="toggleAllBoxes();">Show all outputs</a>
<div class='log' id="Output-767436045">
Completed executing Framework_035.main<br/>
TestName = null<br/>
Test Method resides in testCases.Framework_035<br/>
Test Status: Pass<br/>
About to begin executing Framework_035.afterMethod<br/>
</div>
</td>
<td></td>
<td>31</td>
<td>testCases.Framework_035@6fd02e5</td></tr>
<tr>
<td title='testCases.Framework_036.main()'><b>main</b><br>Test class: testCases.Framework_036<br/>
<a href="#Output-173738886" onClick='toggleBox("Output-173738886", this, "Show output", "Hide output");'>Show output</a>

<a href="#Output-173738886" onClick="toggleAllBoxes();">Show all outputs</a>
<div class='log' id="Output-173738886">
Completed executing Framework_036.main<br/>
TestName = null<br/>
Test Method resides in testCases.Framework_036<br/>
Test Status: Pass<br/>
About to begin executing Framework_036.afterMethod<br/>
</div>
</td>
<td></td>
<td>23</td>
<td>testCases.Framework_036@5bcab519</td></tr>
<tr>
<td title='testCases.Framework_037.main()'><b>main</b><br>Test class: testCases.Framework_037<br/>
<a href="#Output-1292472219" onClick='toggleBox("Output-1292472219", this, "Show output", "Hide output");'>Show output</a>

<a href="#Output-1292472219" onClick="toggleAllBoxes();">Show all outputs</a>
<div class='log' id="Output-1292472219">
Completed executing Framework_037.main<br/>
TestName = null<br/>
Test Method resides in testCases.Framework_037<br/>
Test Status: Pass<br/>
About to begin executing Framework_037.afterMethod<br/>
</div>
</td>
<td></td>
<td>28</td>
<td>testCases.Framework_037@e45f292</td></tr>
<tr>
<td title='testCases.Framework_038.main()'><b>main</b><br>Test class: testCases.Framework_038<br/>
<a href="#Output-1768127248" onClick='toggleBox("Output-1768127248", this, "Show output", "Hide output");'>Show output</a>

<a href="#Output-1768127248" onClick="toggleAllBoxes();">Show all outputs</a>
<div class='log' id="Output-1768127248">
Completed executing Framework_038.main<br/>
TestName = null<br/>
Test Method resides in testCases.Framework_038<br/>
Test Status: Pass<br/>
About to begin executing Framework_038.afterMethod<br/>
</div>
</td>
<td></td>
<td>26</td>
<td>testCases.Framework_038@5f2108b5</td></tr>
<tr>
<td title='testCases.Framework_040.main()'><b>main</b><br>Test class: testCases.Framework_040<br/>
<a href="#Output-163385254" onClick='toggleBox("Output-163385254", this, "Show output", "Hide output");'>Show output</a>

<a href="#Output-163385254" onClick="toggleAllBoxes();">Show all outputs</a>
<div class='log' id="Output-163385254">
Completed executing Framework_040.main<br/>
TestName = null<br/>
Test Method resides in testCases.Framework_040<br/>
Test Status: Pass<br/>
About to begin executing Framework_040.afterMethod<br/>
</div>
</td>
<td></td>
<td>25</td>
<td>testCases.Framework_040@3f49dace</td></tr>
<tr>
<td title='testCases.Framework_041.main()'><b>main</b><br>Test class: testCases.Framework_041<br/>
<a href="#Output-883380345" onClick='toggleBox("Output-883380345", this, "Show output", "Hide output");'>Show output</a>

<a href="#Output-883380345" onClick="toggleAllBoxes();">Show all outputs</a>
<div class='log' id="Output-883380345">
Completed executing Framework_041.main<br/>
TestName = null<br/>
Test Method resides in testCases.Framework_041<br/>
Test Status: Pass<br/>
About to begin executing Framework_041.afterMethod<br/>
</div>
</td>
<td></td>
<td>24</td>
<td>testCases.Framework_041@1e397ed7</td></tr>
<tr>
<td title='testCases.Framework_042.main()'><b>main</b><br>Test class: testCases.Framework_042<br/>
<a href="#Output-1091234211" onClick='toggleBox("Output-1091234211", this, "Show output", "Hide output");'>Show output</a>

<a href="#Output-1091234211" onClick="toggleAllBoxes();">Show all outputs</a>
<div class='log' id="Output-1091234211">
Completed executing Framework_042.main<br/>
TestName = null<br/>
Test Method resides in testCases.Framework_042<br/>
Test Status: Pass<br/>
About to begin executing Framework_042.afterMethod<br/>
</div>
</td>
<td></td>
<td>37</td>
<td>testCases.Framework_042@490ab905</td></tr>
<tr>
<td title='testCases.Framework_043.main()'><b>main</b><br>Test class: testCases.Framework_043<br/>
<a href="#Output-1324173038" onClick='toggleBox("Output-1324173038", this, "Show output", "Hide output");'>Show output</a>

<a href="#Output-1324173038" onClick="toggleAllBoxes();">Show all outputs</a>
<div class='log' id="Output-1324173038">
Completed executing Framework_043.main<br/>
TestName = null<br/>
Test Method resides in testCases.Framework_043<br/>
Test Status: Pass<br/>
About to begin executing Framework_043.afterMethod<br/>
</div>
</td>
<td></td>
<td>23</td>
<td>testCases.Framework_043@56ac3a89</td></tr>
<tr>
<td title='testCases.Framework_044.main()'><b>main</b><br>Test class: testCases.Framework_044<br/>
<a href="#Output-1992801971" onClick='toggleBox("Output-1992801971", this, "Show output", "Hide output");'>Show output</a>

<a href="#Output-1992801971" onClick="toggleAllBoxes();">Show all outputs</a>
<div class='log' id="Output-1992801971">
Completed executing Framework_044.main<br/>
TestName = null<br/>
Test Method resides in testCases.Framework_044<br/>
Test Status: Pass<br/>
About to begin executing Framework_044.afterMethod<br/>
</div>
</td>
<td></td>
<td>24</td>
<td>testCases.Framework_044@27c20538</td></tr>
<tr>
<td title='testCases.Framework_045.main()'><b>main</b><br>Test class: testCases.Framework_045<br/>
<a href="#Output-1042891691" onClick='toggleBox("Output-1042891691", this, "Show output", "Hide output");'>Show output</a>

<a href="#Output-1042891691" onClick="toggleAllBoxes();">Show all outputs</a>
<div class='log' id="Output-1042891691">
Completed executing Framework_045.main<br/>
TestName = null<br/>
Test Method resides in testCases.Framework_045<br/>
Test Status: Pass<br/>
About to begin executing Framework_045.afterMethod<br/>
</div>
</td>
<td></td>
<td>25</td>
<td>testCases.Framework_045@72d818d1</td></tr>
<tr>
<td title='testCases.Framework_046.main()'><b>main</b><br>Test class: testCases.Framework_046<br/>
<a href="#Output-100445376" onClick='toggleBox("Output-100445376", this, "Show output", "Hide output");'>Show output</a>

<a href="#Output-100445376" onClick="toggleAllBoxes();">Show all outputs</a>
<div class='log' id="Output-100445376">
Completed executing Framework_046.main<br/>
TestName = null<br/>
Test Method resides in testCases.Framework_046<br/>
Test Status: Pass<br/>
About to begin executing Framework_046.afterMethod<br/>
</div>
</td>
<td></td>
<td>24</td>
<td>testCases.Framework_046@6e06451e</td></tr>
<tr>
<td title='testCases.Framework_047.main()'><b>main</b><br>Test class: testCases.Framework_047<br/>
<a href="#Output-1205483858" onClick='toggleBox("Output-1205483858", this, "Show output", "Hide output");'>Show output</a>

<a href="#Output-1205483858" onClick="toggleAllBoxes();">Show all outputs</a>
<div class='log' id="Output-1205483858">
Completed executing Framework_047.main<br/>
TestName = null<br/>
Test Method resides in testCases.Framework_047<br/>
Test Status: Pass<br/>
About to begin executing Framework_047.afterMethod<br/>
</div>
</td>
<td></td>
<td>26</td>
<td>testCases.Framework_047@59494225</td></tr>
<tr>
<td title='testCases.Framework_048.main()'><b>main</b><br>Test class: testCases.Framework_048<br/>
<a href="#Output-1548271808" onClick='toggleBox("Output-1548271808", this, "Show output", "Hide output");'>Show output</a>

<a href="#Output-1548271808" onClick="toggleAllBoxes();">Show all outputs</a>
<div class='log' id="Output-1548271808">
Completed executing Framework_048.main<br/>
TestName = null<br/>
Test Method resides in testCases.Framework_048<br/>
Test Status: Pass<br/>
About to begin executing Framework_048.afterMethod<br/>
</div>
</td>
<td></td>
<td>44</td>
<td>testCases.Framework_048@6e1567f1</td></tr>
<tr>
<td title='testCases.Framework_049.main()'><b>main</b><br>Test class: testCases.Framework_049<br/>
<a href="#Output-1562764987" onClick='toggleBox("Output-1562764987", this, "Show output", "Hide output");'>Show output</a>

<a href="#Output-1562764987" onClick="toggleAllBoxes();">Show all outputs</a>
<div class='log' id="Output-1562764987">
Completed executing Framework_049.main<br/>
TestName = null<br/>
Test Method resides in testCases.Framework_049<br/>
Test Status: Pass<br/>
About to begin executing Framework_049.afterMethod<br/>
</div>
</td>
<td></td>
<td>24</td>
<td>testCases.Framework_049@5cb9f472</td></tr>
</table><p>
</body>
</html>